Determining if the pthread_create exist failed with the following output:
Change Dir: /home/diegodorado/Code/c/pocketLC/build/libsoundio-prefix/src/libsoundio-build/CMakeFiles/CMakeTmp

Run Build Command:"/usr/bin/make" "cmTC_2ae0b/fast"
make[3]: Entering directory '/home/diegodorado/Code/c/pocketLC/build/libsoundio-prefix/src/libsoundio-build/CMakeFiles/CMakeTmp'
/usr/bin/make -f CMakeFiles/cmTC_2ae0b.dir/build.make CMakeFiles/cmTC_2ae0b.dir/build
make[4]: Entering directory '/home/diegodorado/Code/c/pocketLC/build/libsoundio-prefix/src/libsoundio-build/CMakeFiles/CMakeTmp'
Building C object CMakeFiles/cmTC_2ae0b.dir/CheckSymbolExists.c.o
/usr/bin/cc     -o CMakeFiles/cmTC_2ae0b.dir/CheckSymbolExists.c.o   -c /home/diegodorado/Code/c/pocketLC/build/libsoundio-prefix/src/libsoundio-build/CMakeFiles/CMakeTmp/CheckSymbolExists.c
Linking C executable cmTC_2ae0b
/usr/bin/cmake -E cmake_link_script CMakeFiles/cmTC_2ae0b.dir/link.txt --verbose=1
/usr/bin/cc       CMakeFiles/cmTC_2ae0b.dir/CheckSymbolExists.c.o  -o cmTC_2ae0b -rdynamic 
CMakeFiles/cmTC_2ae0b.dir/CheckSymbolExists.c.o: In function `main':
CheckSymbolExists.c:(.text+0x16): undefined reference to `pthread_create'
collect2: error: ld returned 1 exit status
CMakeFiles/cmTC_2ae0b.dir/build.make:97: recipe for target 'cmTC_2ae0b' failed
make[4]: *** [cmTC_2ae0b] Error 1
make[4]: Leaving directory '/home/diegodorado/Code/c/pocketLC/build/libsoundio-prefix/src/libsoundio-build/CMakeFiles/CMakeTmp'
Makefile:126: recipe for target 'cmTC_2ae0b/fast' failed
make[3]: *** [cmTC_2ae0b/fast] Error 2
make[3]: Leaving directory '/home/diegodorado/Code/c/pocketLC/build/libsoundio-prefix/src/libsoundio-build/CMakeFiles/CMakeTmp'

File /home/diegodorado/Code/c/pocketLC/build/libsoundio-prefix/src/libsoundio-build/CMakeFiles/CMakeTmp/CheckSymbolExists.c:
/* */
#include <pthread.h>

int main(int argc, char** argv)
{
  (void)argv;
#ifndef pthread_create
  return ((int*)(&pthread_create))[argc];
#else
  (void)argc;
  return 0;
#endif
}

Determining if the function pthread_create exists in the pthreads failed with the following output:
Change Dir: /home/diegodorado/Code/c/pocketLC/build/libsoundio-prefix/src/libsoundio-build/CMakeFiles/CMakeTmp

Run Build Command:"/usr/bin/make" "cmTC_f233a/fast"
make[3]: Entering directory '/home/diegodorado/Code/c/pocketLC/build/libsoundio-prefix/src/libsoundio-build/CMakeFiles/CMakeTmp'
/usr/bin/make -f CMakeFiles/cmTC_f233a.dir/build.make CMakeFiles/cmTC_f233a.dir/build
make[4]: Entering directory '/home/diegodorado/Code/c/pocketLC/build/libsoundio-prefix/src/libsoundio-build/CMakeFiles/CMakeTmp'
Building C object CMakeFiles/cmTC_f233a.dir/CheckFunctionExists.c.o
/usr/bin/cc    -DCHECK_FUNCTION_EXISTS=pthread_create   -o CMakeFiles/cmTC_f233a.dir/CheckFunctionExists.c.o   -c /usr/share/cmake-3.5/Modules/CheckFunctionExists.c
Linking C executable cmTC_f233a
/usr/bin/cmake -E cmake_link_script CMakeFiles/cmTC_f233a.dir/link.txt --verbose=1
/usr/bin/cc   -DCHECK_FUNCTION_EXISTS=pthread_create    CMakeFiles/cmTC_f233a.dir/CheckFunctionExists.c.o  -o cmTC_f233a -rdynamic -lpthreads 
/usr/bin/ld: cannot find -lpthreads
collect2: error: ld returned 1 exit status
CMakeFiles/cmTC_f233a.dir/build.make:97: recipe for target 'cmTC_f233a' failed
make[4]: *** [cmTC_f233a] Error 1
make[4]: Leaving directory '/home/diegodorado/Code/c/pocketLC/build/libsoundio-prefix/src/libsoundio-build/CMakeFiles/CMakeTmp'
Makefile:126: recipe for target 'cmTC_f233a/fast' failed
make[3]: *** [cmTC_f233a/fast] Error 2
make[3]: Leaving directory '/home/diegodorado/Code/c/pocketLC/build/libsoundio-prefix/src/libsoundio-build/CMakeFiles/CMakeTmp'


