Determining if the pthread_create exist failed with the following output:
Change Dir: /home/diegodorado/Code/c/pocketLC/build/CMakeFiles/CMakeTmp

Run Build Command:"/usr/bin/make" "cmTC_222c3/fast"
/usr/bin/make -f CMakeFiles/cmTC_222c3.dir/build.make CMakeFiles/cmTC_222c3.dir/build
make[1]: Entering directory '/home/diegodorado/Code/c/pocketLC/build/CMakeFiles/CMakeTmp'
Building C object CMakeFiles/cmTC_222c3.dir/CheckSymbolExists.c.o
/usr/bin/cc     -o CMakeFiles/cmTC_222c3.dir/CheckSymbolExists.c.o   -c /home/diegodorado/Code/c/pocketLC/build/CMakeFiles/CMakeTmp/CheckSymbolExists.c
Linking C executable cmTC_222c3
/usr/bin/cmake -E cmake_link_script CMakeFiles/cmTC_222c3.dir/link.txt --verbose=1
/usr/bin/cc       CMakeFiles/cmTC_222c3.dir/CheckSymbolExists.c.o  -o cmTC_222c3 
CMakeFiles/cmTC_222c3.dir/CheckSymbolExists.c.o: In function `main':
CheckSymbolExists.c:(.text+0x16): undefined reference to `pthread_create'
collect2: error: ld returned 1 exit status
CMakeFiles/cmTC_222c3.dir/build.make:97: recipe for target 'cmTC_222c3' failed
make[1]: *** [cmTC_222c3] Error 1
make[1]: Leaving directory '/home/diegodorado/Code/c/pocketLC/build/CMakeFiles/CMakeTmp'
Makefile:126: recipe for target 'cmTC_222c3/fast' failed
make: *** [cmTC_222c3/fast] Error 2

File /home/diegodorado/Code/c/pocketLC/build/CMakeFiles/CMakeTmp/CheckSymbolExists.c:
/* */
#include <pthread.h>

int main(int argc, char** argv)
{
  (void)argv;
#ifndef pthread_create
  return ((int*)(&pthread_create))[argc];
#else
  (void)argc;
  return 0;
#endif
}

Determining if the function pthread_create exists in the pthreads failed with the following output:
Change Dir: /home/diegodorado/Code/c/pocketLC/build/CMakeFiles/CMakeTmp

Run Build Command:"/usr/bin/make" "cmTC_edc15/fast"
/usr/bin/make -f CMakeFiles/cmTC_edc15.dir/build.make CMakeFiles/cmTC_edc15.dir/build
make[1]: Entering directory '/home/diegodorado/Code/c/pocketLC/build/CMakeFiles/CMakeTmp'
Building C object CMakeFiles/cmTC_edc15.dir/CheckFunctionExists.c.o
/usr/bin/cc    -DCHECK_FUNCTION_EXISTS=pthread_create   -o CMakeFiles/cmTC_edc15.dir/CheckFunctionExists.c.o   -c /usr/share/cmake-3.5/Modules/CheckFunctionExists.c
Linking C executable cmTC_edc15
/usr/bin/cmake -E cmake_link_script CMakeFiles/cmTC_edc15.dir/link.txt --verbose=1
/usr/bin/cc   -DCHECK_FUNCTION_EXISTS=pthread_create    CMakeFiles/cmTC_edc15.dir/CheckFunctionExists.c.o  -o cmTC_edc15 -lpthreads 
/usr/bin/ld: cannot find -lpthreads
collect2: error: ld returned 1 exit status
CMakeFiles/cmTC_edc15.dir/build.make:97: recipe for target 'cmTC_edc15' failed
make[1]: *** [cmTC_edc15] Error 1
make[1]: Leaving directory '/home/diegodorado/Code/c/pocketLC/build/CMakeFiles/CMakeTmp'
Makefile:126: recipe for target 'cmTC_edc15/fast' failed
make: *** [cmTC_edc15/fast] Error 2


